<?xml version="1.0" encoding="UTF-8"?>
<!-- Generated by org.testng.reporters.JUnitXMLReporter -->
<testsuite ignored="4" hostname="DESKTOP-IFU8NPD" failures="0" tests="16" name="Test" time="16.14" errors="0" timestamp="2022-08-26T00:21:02 TRT">
  <testcase classname="petTests.PetTests" name="addNewPet" time="3.003"/>
  <testcase classname="petTests.PetTests" name="getPetById" time="0.768"/>
  <testcase classname="petTests.PetTests" name="updatePetWithFormData" time="0.804"/>
  <testcase classname="petTests.PetTests" name="uploadPetImage" time="1.678"/>
  <testcase classname="petTests.PetTests" name="updatePet" time="0.876"/>
  <testcase classname="petTests.PetTests" name="findPetByStatus" time="1.237"/>
  <testcase classname="petTests.PetTests" name="deletePet" time="0.781"/>
  <testcase classname="storeTests.StoreTests" name="placeOrder" time="0.818"/>
  <testcase classname="storeTests.StoreTests" name="getOrderById" time="0.777"/>
  <testcase classname="storeTests.StoreTests" name="getInventory" time="0.752"/>
  <testcase classname="storeTests.StoreTests" name="deleteOrderById" time="0.795"/>
  <testcase classname="userTests.UserTests" name="postCreateUser" time="0.772"/>
  <testcase classname="userTests.UserTests" name="postCreateUserFromList" time="0.739"/>
  <testcase classname="userTests.UserTests" name="getUserByUserName" time="0.74"/>
  <testcase classname="userTests.UserTests" name="getUserLogin" time="0.736"/>
  <testcase classname="userTests.UserTests" name="getUserLogout" time="0.76"/>
  <testcase classname="base.BaseTest" name="@AfterSuite tearDown" time="0.0">
    <ignored/>
  </testcase> <!-- @AfterSuite tearDown -->
  <testcase classname="base.BaseTest" name="@BeforeSuite setUp" time="0.0">
    <ignored/>
  </testcase> <!-- @BeforeSuite setUp -->
  <testcase classname="base.BaseTest" name="@BeforeSuite setUp" time="0.0">
    <ignored/>
  </testcase> <!-- @BeforeSuite setUp -->
  <testcase classname="base.BaseTest" name="@AfterSuite tearDown" time="0.0">
    <ignored/>
  </testcase> <!-- @AfterSuite tearDown -->
</testsuite> <!-- Test -->
